<?xml version="1.0" encoding="UTF-8"?>
<!-- Generated by org.testng.reporters.JUnitXMLReporter -->
<testsuite hostname="LAPTOP-36B4VAO2" ignored="2" name="Test1" tests="2" failures="0" timestamp="28 Feb 2019 20:39:52 GMT" time="11.93" errors="0">
  <testcase name="googleSearch" time="3.217" classname="test.TestNG_Demo"/>
  <testcase name="googleSearch3" time="3.521" classname="test.TestNG_Demo2"/>
  <testcase name="googleSearch" time="0.0" classname="test.TestNG_Demo2">
    <ignored/>
  </testcase> <!-- googleSearch -->
  <testcase name="googleSearch2" time="0.0" classname="test.TestNG_Demo2">
    <ignored/>
  </testcase> <!-- googleSearch2 -->
</testsuite> <!-- Test1 -->
